#
# A fatal error has been detected by the Java Runtime Environment:
#
#  EXCEPTION_ACCESS_VIOLATION (0xc0000005) at pc=0x00007ffe2037cfa9, pid=16280, tid=3024
#
# JRE version: Java(TM) SE Runtime Environment (17.0.3.1+2) (build 17.0.3.1+2-LTS-6)
# Java VM: Java HotSpot(TM) 64-Bit Server VM (17.0.3.1+2-LTS-6, mixed mode, sharing, tiered, compressed oops, compressed class ptrs, g1 gc, windows-amd64)
# Problematic frame:
# V  [jvm.dll+0x11cfa9]
#
# No core dump will be written. Minidumps are not enabled by default on client versions of Windows
#
# If you would like to submit a bug report, please visit:
#   https://bugreport.java.com/bugreport/crash.jsp
#

---------------  S U M M A R Y ------------

Command Line: -Dclassworlds.conf=C:\Program Files\apache-maven-3.8.7-bin\apache-maven-3.8.7\bin\m2.conf -Dmaven.home=C:\Program Files\apache-maven-3.8.7-bin\apache-maven-3.8.7 -Dlibrary.jansi.path=C:\Program Files\apache-maven-3.8.7-bin\apache-maven-3.8.7\lib\jansi-native -Dmaven.multiModuleProjectDirectory=C:\Projects\E-BookShop----Spring-boot org.codehaus.plexus.classworlds.launcher.Launcher spring-boot:run

Host: Intel(R) Core(TM) i5-9300H CPU @ 2.40GHz, 8 cores, 7G,  Windows 11 , 64 bit Build 22621 (10.0.22621.1105)
Time: Sun Mar  5 12:19:05 2023 India Standard Time elapsed time: 3.112983 seconds (0d 0h 0m 3s)

---------------  T H R E A D  ---------------

Current thread (0x00000179f88710b0):  JavaThread "C2 CompilerThread0" daemon [_thread_in_native, id=3024, stack(0x000000764ca00000,0x000000764cb00000)]


Current CompileTask:
C2:   3113 3660       4       org.eclipse.aether.util.graph.transformer.ConflictResolver::gatherConflictItems (111 bytes)

Stack: [0x000000764ca00000,0x000000764cb00000],  sp=0x000000764cafba50,  free space=1006k
Native frames: (J=compiled Java code, j=interpreted, Vv=VM code, C=native code)
V  [jvm.dll+0x11cfa9]
V  [jvm.dll+0x11bd70]
V  [jvm.dll+0x215f9c]
V  [jvm.dll+0x215181]
V  [jvm.dll+0x1a1c3d]
V  [jvm.dll+0x2249c8]
V  [jvm.dll+0x222b2c]
V  [jvm.dll+0x78650b]
V  [jvm.dll+0x780aca]
V  [jvm.dll+0x670045]
C  [ucrtbase.dll+0x29363]
C  [KERNEL32.DLL+0x126bd]
C  [ntdll.dll+0x5dfb8]


siginfo: EXCEPTION_ACCESS_VIOLATION (0xc0000005), reading address 0x0000000000000018


Register to memory mapping:

RIP=0x00007ffe2037cfa9 jvm.dll
RAX=0x00007ffe20d4b3f8 jvm.dll
RBX=0x00000179f9a9db70 points into unknown readable memory: 0x00007ffe20d4b3f8 | f8 b3 d4 20 fe 7f 00 00
RCX=0x0 is NULL
RDX=0x000000000000004a is an unknown value
RSP=0x000000764cafba50 is pointing into the stack for thread: 0x00000179f88710b0
RBP=0x0 is NULL
RSI=0x0000000000000245 is an unknown value
RDI=0x0000000000000001 is an unknown value
R8 =0x00000179faa9d900 points into unknown readable memory: 0x0000000000000000 | 00 00 00 00 00 00 00 00
R9 =0x0 is NULL
R10=0x0 is NULL
R11=0x000000764cafba10 is pointing into the stack for thread: 0x00000179f88710b0
R12=0x00000179f9f2b350 points into unknown readable memory: 0x00007ffe000001be | be 01 00 00 fe 7f 00 00
R13=0x000000764cafbb50 is pointing into the stack for thread: 0x00000179f88710b0
R14=0x00000179f9addcd0 points into unknown readable memory: 0x00007ffe20b179a0 | a0 79 b1 20 fe 7f 00 00
R15=0x0000000000000002 is an unknown value


Registers:
RAX=0x00007ffe20d4b3f8, RBX=0x00000179f9a9db70, RCX=0x0000000000000000, RDX=0x000000000000004a
RSP=0x000000764cafba50, RBP=0x0000000000000000, RSI=0x0000000000000245, RDI=0x0000000000000001
R8 =0x00000179faa9d900, R9 =0x0000000000000000, R10=0x0000000000000000, R11=0x000000764cafba10
R12=0x00000179f9f2b350, R13=0x000000764cafbb50, R14=0x00000179f9addcd0, R15=0x0000000000000002
RIP=0x00007ffe2037cfa9, EFLAGS=0x0000000000010202

Top of Stack: (sp=0x000000764cafba50)
0x000000764cafba50:   00000179faaa2740 0000000000000000
0x000000764cafba60:   0000000000000245 0000000000000001
0x000000764cafba70:   0000000000000000 0000000000000000
0x000000764cafba80:   0000000000000000 0000000000000000
0x000000764cafba90:   00000000000004e3 00000179faaa2770
0x000000764cafbaa0:   0000000000002718 00000179faa9a9d0
0x000000764cafbab0:   00000179f886b4a0 00007ffe2037bd70
0x000000764cafbac0:   0000017900000245 000000000000138c
0x000000764cafbad0:   0000000000002720 000000764cafbb50
0x000000764cafbae0:   00007ffe20b3b670 0000000000000020
0x000000764cafbaf0:   00000179f88401c0 0000000000000000
0x000000764cafbb00:   00000179da83f690 00000179da83f640
0x000000764cafbb10:   000000764cafbc20 00007ffe20475f9c
0x000000764cafbb20:   00000000001e36f8 00000179faa9b1e0
0x000000764cafbb30:   00000179faaa29b8 000000764cafe600
0x000000764cafbb40:   00000179f940f800 0000000000000000 

Instructions: (pc=0x00007ffe2037cfa9)
0x00007ffe2037cea9:   83 ec 50 48 8b 41 10 33 f6 45 33 e4 89 74 24 70
0x00007ffe2037ceb9:   4c 8b e9 39 70 40 0f 86 72 03 00 00 49 89 5b 10
0x00007ffe2037cec9:   49 89 6b 18 49 89 7b 20 4d 89 73 e0 4d 89 7b d8
0x00007ffe2037ced9:   0f 29 74 24 30 0f 29 7c 24 20 f3 0f 10 3d e5 ab
0x00007ffe2037cee9:   79 00 0f 1f 44 00 00 48 8b 40 30 33 d2 4c 8b 34
0x00007ffe2037cef9:   f0 8d 4a 28 e8 be a4 5a 00 4c 8b e0 48 85 c0 74
0x00007ffe2037cf09:   3c 41 8b 4e 4c 49 8b 55 30 4d 8b 45 28 4c 89 40
0x00007ffe2037cf19:   08 48 89 50 10 89 08 4c 89 70 18 4c 89 70 20 41
0x00007ffe2037cf29:   8b 4e 4c 49 c7 04 c8 00 00 00 00 41 8b 4e 4c 48
0x00007ffe2037cf39:   8b 40 10 48 c7 04 c8 00 00 00 00 eb 03 45 33 e4
0x00007ffe2037cf49:   41 8b 0c 24 49 8b 45 20 4c 89 24 c8 41 80 be 88
0x00007ffe2037cf59:   00 00 00 00 0f 85 ab 02 00 00 49 8b ce e8 45 ea
0x00007ffe2037cf69:   20 00 8b f8 83 f8 01 0f 85 c7 00 00 00 33 d2 49
0x00007ffe2037cf79:   8b ce e8 e0 00 21 00 84 c0 0f 84 bd 00 00 00 49
0x00007ffe2037cf89:   8b 4e 40 48 8b 19 80 bb 88 00 00 00 00 74 27 83
0x00007ffe2037cf99:   7b 18 00 76 09 48 8b 43 20 48 8b 08 eb 02 33 c9
0x00007ffe2037cfa9:   83 79 18 01 75 10 48 8b 43 40 48 8b 18 80 bb 88
0x00007ffe2037cfb9:   00 00 00 00 75 d9 83 7b 18 00 76 09 48 8b 43 20
0x00007ffe2037cfc9:   48 8b 08 eb 02 33 c9 83 79 18 01 75 67 49 8b 44
0x00007ffe2037cfd9:   24 20 ff c6 89 74 24 70 8b 48 4c 49 8b 44 24 08
0x00007ffe2037cfe9:   48 89 1c c8 49 8b ce 44 8b 43 4c 49 8b 44 24 20
0x00007ffe2037cff9:   49 8b 54 24 10 4a 89 04 c2 49 89 5c 24 20 49 8b
0x00007ffe2037d009:   45 38 44 8b 43 4c 48 8b 50 08 41 8b 04 24 42 89
0x00007ffe2037d019:   04 82 8b 53 4c 49 8b 45 20 48 c7 04 d0 00 00 00
0x00007ffe2037d029:   00 e8 81 e9 20 00 8b f8 4c 8b f3 83 f8 01 0f 84
0x00007ffe2037d039:   39 ff ff ff 85 ff 0f 8e b6 01 00 00 45 33 ff 45
0x00007ffe2037d049:   39 7e 48 0f 86 a9 01 00 00 41 8b d7 49 8b ce e8
0x00007ffe2037d059:   03 00 21 00 84 c0 0f 84 85 01 00 00 49 8b 46 40
0x00007ffe2037d069:   4a 8b 1c f8 80 bb 88 00 00 00 00 74 1a 66 66 0f
0x00007ffe2037d079:   1f 84 00 00 00 00 00 48 8b 43 40 48 8b 18 80 bb
0x00007ffe2037d089:   88 00 00 00 00 75 f0 41 8b d7 49 8b ce e8 e5 01
0x00007ffe2037d099:   21 00 f2 41 0f 10 4e 08 0f 57 d2 f3 0f 5a d0 33 


Stack slot to memory mapping:
stack at sp + 0 slots: 0x00000179faaa2740 points into unknown readable memory: 0x0000040000000344 | 44 03 00 00 00 04 00 00
stack at sp + 1 slots: 0x0 is NULL
stack at sp + 2 slots: 0x0000000000000245 is an unknown value
stack at sp + 3 slots: 0x0000000000000001 is an unknown value
stack at sp + 4 slots: 0x0 is NULL
stack at sp + 5 slots: 0x0 is NULL
stack at sp + 6 slots: 0x0 is NULL
stack at sp + 7 slots: 0x0 is NULL


---------------  P R O C E S S  ---------------

Threads class SMR info:
_java_thread_list=0x00000179f9f40d40, length=14, elements={
0x00000179da82f750, 0x00000179f8855640, 0x00000179f88561f0, 0x00000179f886c600,
0x00000179f886efc0, 0x00000179f886f970, 0x00000179f8870320, 0x00000179f88710b0,
0x00000179f8871b50, 0x00000179f887e570, 0x00000179f94d3b60, 0x00000179f94d8040,
0x00000179f9cdd620, 0x00000179f9f406f0
}

Java Threads: ( => current thread )
  0x00000179da82f750 JavaThread "main" [_thread_in_native, id=5208, stack(0x000000764bd00000,0x000000764be00000)]
  0x00000179f8855640 JavaThread "Reference Handler" daemon [_thread_blocked, id=19988, stack(0x000000764c400000,0x000000764c500000)]
  0x00000179f88561f0 JavaThread "Finalizer" daemon [_thread_blocked, id=7092, stack(0x000000764c500000,0x000000764c600000)]
  0x00000179f886c600 JavaThread "Signal Dispatcher" daemon [_thread_blocked, id=16900, stack(0x000000764c600000,0x000000764c700000)]
  0x00000179f886efc0 JavaThread "Attach Listener" daemon [_thread_blocked, id=6120, stack(0x000000764c700000,0x000000764c800000)]
  0x00000179f886f970 JavaThread "Service Thread" daemon [_thread_blocked, id=23640, stack(0x000000764c800000,0x000000764c900000)]
  0x00000179f8870320 JavaThread "Monitor Deflation Thread" daemon [_thread_blocked, id=16788, stack(0x000000764c900000,0x000000764ca00000)]
=>0x00000179f88710b0 JavaThread "C2 CompilerThread0" daemon [_thread_in_native, id=3024, stack(0x000000764ca00000,0x000000764cb00000)]
  0x00000179f8871b50 JavaThread "C1 CompilerThread0" daemon [_thread_in_vm, id=8968, stack(0x000000764cb00000,0x000000764cc00000)]
  0x00000179f887e570 JavaThread "Sweeper thread" daemon [_thread_blocked, id=15488, stack(0x000000764cc00000,0x000000764cd00000)]
  0x00000179f94d3b60 JavaThread "Notification Thread" daemon [_thread_blocked, id=2396, stack(0x000000764cd00000,0x000000764ce00000)]
  0x00000179f94d8040 JavaThread "Common-Cleaner" daemon [_thread_blocked, id=10308, stack(0x000000764cf00000,0x000000764d000000)]
  0x00000179f9cdd620 JavaThread "C2 CompilerThread1" daemon [_thread_in_native, id=14052, stack(0x000000764d000000,0x000000764d100000)]
  0x00000179f9f406f0 JavaThread "C2 CompilerThread2" daemon [_thread_in_native, id=8248, stack(0x000000764d100000,0x000000764d200000)]

Other Threads:
  0x00000179f8850ba0 VMThread "VM Thread" [stack: 0x000000764c300000,0x000000764c400000] [id=13284]
  0x00000179da8a3130 WatcherThread [stack: 0x000000764ce00000,0x000000764cf00000] [id=22088]
  0x00000179da88ae30 GCTaskThread "GC Thread#0" [stack: 0x000000764be00000,0x000000764bf00000] [id=14240]
  0x00000179fa145a80 GCTaskThread "GC Thread#1" [stack: 0x000000764d200000,0x000000764d300000] [id=6580]
  0x00000179fa145d30 GCTaskThread "GC Thread#2" [stack: 0x000000764d300000,0x000000764d400000] [id=19608]
  0x00000179fa068e30 GCTaskThread "GC Thread#3" [stack: 0x000000764d400000,0x000000764d500000] [id=17732]
  0x00000179f9d5f1d0 GCTaskThread "GC Thread#4" [stack: 0x000000764d500000,0x000000764d600000] [id=10940]
  0x00000179f9ddf1d0 GCTaskThread "GC Thread#5" [stack: 0x000000764d600000,0x000000764d700000] [id=10404]
  0x00000179f9f403b0 GCTaskThread "GC Thread#6" [stack: 0x000000764d700000,0x000000764d800000] [id=21688]
  0x00000179fa6528c0 GCTaskThread "GC Thread#7" [stack: 0x000000764d800000,0x000000764d900000] [id=23072]
  0x00000179da89b870 ConcurrentGCThread "G1 Main Marker" [stack: 0x000000764bf00000,0x000000764c000000] [id=5668]
  0x00000179da89c280 ConcurrentGCThread "G1 Conc#0" [stack: 0x000000764c000000,0x000000764c100000] [id=13676]
  0x00000179f87120c0 ConcurrentGCThread "G1 Refine#0" [stack: 0x000000764c100000,0x000000764c200000] [id=11320]
  0x00000179fa80dcc0 ConcurrentGCThread "G1 Refine#1" [stack: 0x000000764d900000,0x000000764da00000] [id=1720]
  0x00000179f8712ae0 ConcurrentGCThread "G1 Service" [stack: 0x000000764c200000,0x000000764c300000] [id=7756]

Threads with active compile tasks:
C2 CompilerThread0     3142 3660       4       org.eclipse.aether.util.graph.transformer.ConflictResolver::gatherConflictItems (111 bytes)
C1 CompilerThread0     3142 3900       3       org.apache.maven.model.building.ModelCacheTag$1::fromCache (9 bytes)
C2 CompilerThread1     3142 3850       4       org.codehaus.plexus.util.xml.pull.MXParser::parseAttribute (1641 bytes)
C2 CompilerThread2     3142 3806       4       org.eclipse.sisu.inject.LocatedBeans$Itr::hasNext (161 bytes)

VM state: not at safepoint (normal execution)

VM Mutex/Monitor currently owned by a thread: None

Heap address: 0x0000000082800000, size: 2008 MB, Compressed Oops mode: 32-bit

CDS archive(s) mapped at: [0x0000000800000000-0x0000000800bc0000-0x0000000800bc0000), size 12320768, SharedBaseAddress: 0x0000000800000000, ArchiveRelocationMode: 0.
Compressed class space mapped at: 0x0000000800c00000-0x0000000840c00000, reserved size: 1073741824
Narrow klass base: 0x0000000800000000, Narrow klass shift: 0, Narrow klass range: 0x100000000

GC Precious Log:
 CPUs: 8 total, 8 available
 Memory: 8029M
 Large Page Support: Disabled
 NUMA Support: Disabled
 Compressed Oops: Enabled (32-bit)
 Heap Region Size: 1M
 Heap Min Capacity: 8M
 Heap Initial Capacity: 126M
 Heap Max Capacity: 2008M
 Pre-touch: Disabled
 Parallel Workers: 8
 Concurrent Workers: 2
 Concurrent Refinement Workers: 8
 Periodic GC: Disabled

Heap:
 garbage-first heap   total 129024K, used 26754K [0x0000000082800000, 0x0000000100000000)
  region size 1024K, 13 young (13312K), 5 survivors (5120K)
 Metaspace       used 14770K, committed 15040K, reserved 1064960K
  class space    used 1626K, committed 1792K, reserved 1048576K

Heap Regions: E=young(eden), S=young(survivor), O=old, HS=humongous(starts), HC=humongous(continues), CS=collection set, F=free, OA=open archive, CA=closed archive, TAMS=top-at-mark-start (previous, next)
|   0|0x0000000082800000, 0x0000000082900000, 0x0000000082900000|100%| O|  |TAMS 0x0000000082800000, 0x0000000082800000| Untracked 
|   1|0x0000000082900000, 0x0000000082a00000, 0x0000000082a00000|100%| O|  |TAMS 0x0000000082900000, 0x0000000082900000| Untracked 
|   2|0x0000000082a00000, 0x0000000082b00000, 0x0000000082b00000|100%| O|  |TAMS 0x0000000082a00000, 0x0000000082a00000| Untracked 
|   3|0x0000000082b00000, 0x0000000082c00000, 0x0000000082c00000|100%| O|  |TAMS 0x0000000082b00000, 0x0000000082b00000| Untracked 
|   4|0x0000000082c00000, 0x0000000082d00000, 0x0000000082d00000|100%| O|  |TAMS 0x0000000082c00000, 0x0000000082c00000| Untracked 
|   5|0x0000000082d00000, 0x0000000082e00000, 0x0000000082e00000|100%| O|  |TAMS 0x0000000082d00000, 0x0000000082d00000| Untracked 
|   6|0x0000000082e00000, 0x0000000082f00000, 0x0000000082f00000|100%| O|  |TAMS 0x0000000082e00000, 0x0000000082e00000| Untracked 
|   7|0x0000000082f00000, 0x0000000083000000, 0x0000000083000000|100%| O|  |TAMS 0x0000000082f00000, 0x0000000082f00000| Untracked 
|   8|0x0000000083000000, 0x0000000083100000, 0x0000000083100000|100%| O|  |TAMS 0x0000000083000000, 0x0000000083000000| Untracked 
|   9|0x0000000083100000, 0x0000000083200000, 0x0000000083200000|100%| O|  |TAMS 0x0000000083100000, 0x0000000083100000| Untracked 
|  10|0x0000000083200000, 0x0000000083300000, 0x0000000083300000|100%| O|  |TAMS 0x0000000083200000, 0x0000000083200000| Untracked 
|  11|0x0000000083300000, 0x0000000083400000, 0x0000000083400000|100%| O|  |TAMS 0x0000000083300000, 0x0000000083300000| Untracked 
|  12|0x0000000083400000, 0x0000000083500000, 0x0000000083500000|100%| O|  |TAMS 0x0000000083400000, 0x0000000083400000| Untracked 
|  13|0x0000000083500000, 0x0000000083600000, 0x0000000083600000|100%| O|  |TAMS 0x0000000083500000, 0x0000000083500000| Untracked 
|  14|0x0000000083600000, 0x00000000836a0800, 0x0000000083700000| 62%| O|  |TAMS 0x0000000083600000, 0x0000000083600000| Untracked 
|  15|0x0000000083700000, 0x0000000083700000, 0x0000000083800000|  0%| F|  |TAMS 0x0000000083700000, 0x0000000083700000| Untracked 
|  16|0x0000000083800000, 0x0000000083800000, 0x0000000083900000|  0%| F|  |TAMS 0x0000000083800000, 0x0000000083800000| Untracked 
|  17|0x0000000083900000, 0x0000000083900000, 0x0000000083a00000|  0%| F|  |TAMS 0x0000000083900000, 0x0000000083900000| Untracked 
|  18|0x0000000083a00000, 0x0000000083a00000, 0x0000000083b00000|  0%| F|  |TAMS 0x0000000083a00000, 0x0000000083a00000| Untracked 
|  19|0x0000000083b00000, 0x0000000083b00000, 0x0000000083c00000|  0%| F|  |TAMS 0x0000000083b00000, 0x0000000083b00000| Untracked 
|  20|0x0000000083c00000, 0x0000000083c00000, 0x0000000083d00000|  0%| F|  |TAMS 0x0000000083c00000, 0x0000000083c00000| Untracked 
|  21|0x0000000083d00000, 0x0000000083d00000, 0x0000000083e00000|  0%| F|  |TAMS 0x0000000083d00000, 0x0000000083d00000| Untracked 
|  22|0x0000000083e00000, 0x0000000083e00000, 0x0000000083f00000|  0%| F|  |TAMS 0x0000000083e00000, 0x0000000083e00000| Untracked 
|  23|0x0000000083f00000, 0x0000000083f00000, 0x0000000084000000|  0%| F|  |TAMS 0x0000000083f00000, 0x0000000083f00000| Untracked 
|  24|0x0000000084000000, 0x0000000084000000, 0x0000000084100000|  0%| F|  |TAMS 0x0000000084000000, 0x0000000084000000| Untracked 
|  25|0x0000000084100000, 0x0000000084100000, 0x0000000084200000|  0%| F|  |TAMS 0x0000000084100000, 0x0000000084100000| Untracked 
|  26|0x0000000084200000, 0x0000000084200000, 0x0000000084300000|  0%| F|  |TAMS 0x0000000084200000, 0x0000000084200000| Untracked 
|  27|0x0000000084300000, 0x0000000084300000, 0x0000000084400000|  0%| F|  |TAMS 0x0000000084300000, 0x0000000084300000| Untracked 
|  28|0x0000000084400000, 0x0000000084400000, 0x0000000084500000|  0%| F|  |TAMS 0x0000000084400000, 0x0000000084400000| Untracked 
|  29|0x0000000084500000, 0x0000000084500000, 0x0000000084600000|  0%| F|  |TAMS 0x0000000084500000, 0x0000000084500000| Untracked 
|  30|0x0000000084600000, 0x0000000084600000, 0x0000000084700000|  0%| F|  |TAMS 0x0000000084600000, 0x0000000084600000| Untracked 
|  31|0x0000000084700000, 0x0000000084700000, 0x0000000084800000|  0%| F|  |TAMS 0x0000000084700000, 0x0000000084700000| Untracked 
|  32|0x0000000084800000, 0x0000000084800000, 0x0000000084900000|  0%| F|  |TAMS 0x0000000084800000, 0x0000000084800000| Untracked 
|  33|0x0000000084900000, 0x0000000084900000, 0x0000000084a00000|  0%| F|  |TAMS 0x0000000084900000, 0x0000000084900000| Untracked 
|  34|0x0000000084a00000, 0x0000000084a00000, 0x0000000084b00000|  0%| F|  |TAMS 0x0000000084a00000, 0x0000000084a00000| Untracked 
|  35|0x0000000084b00000, 0x0000000084b00000, 0x0000000084c00000|  0%| F|  |TAMS 0x0000000084b00000, 0x0000000084b00000| Untracked 
|  36|0x0000000084c00000, 0x0000000084c00000, 0x0000000084d00000|  0%| F|  |TAMS 0x0000000084c00000, 0x0000000084c00000| Untracked 
|  37|0x0000000084d00000, 0x0000000084d00000, 0x0000000084e00000|  0%| F|  |TAMS 0x0000000084d00000, 0x0000000084d00000| Untracked 
|  38|0x0000000084e00000, 0x0000000084e00000, 0x0000000084f00000|  0%| F|  |TAMS 0x0000000084e00000, 0x0000000084e00000| Untracked 
|  39|0x0000000084f00000, 0x0000000084f00000, 0x0000000085000000|  0%| F|  |TAMS 0x0000000084f00000, 0x0000000084f00000| Untracked 
|  40|0x0000000085000000, 0x0000000085000000, 0x0000000085100000|  0%| F|  |TAMS 0x0000000085000000, 0x0000000085000000| Untracked 
|  41|0x0000000085100000, 0x0000000085100000, 0x0000000085200000|  0%| F|  |TAMS 0x0000000085100000, 0x0000000085100000| Untracked 
|  42|0x0000000085200000, 0x0000000085200000, 0x0000000085300000|  0%| F|  |TAMS 0x0000000085200000, 0x0000000085200000| Untracked 
|  43|0x0000000085300000, 0x0000000085300000, 0x0000000085400000|  0%| F|  |TAMS 0x0000000085300000, 0x0000000085300000| Untracked 
|  44|0x0000000085400000, 0x0000000085400000, 0x0000000085500000|  0%| F|  |TAMS 0x0000000085400000, 0x0000000085400000| Untracked 
|  45|0x0000000085500000, 0x0000000085500000, 0x0000000085600000|  0%| F|  |TAMS 0x0000000085500000, 0x0000000085500000| Untracked 
|  46|0x0000000085600000, 0x0000000085600000, 0x0000000085700000|  0%| F|  |TAMS 0x0000000085600000, 0x0000000085600000| Untracked 
|  47|0x0000000085700000, 0x0000000085700000, 0x0000000085800000|  0%| F|  |TAMS 0x0000000085700000, 0x0000000085700000| Untracked 
|  48|0x0000000085800000, 0x0000000085800000, 0x0000000085900000|  0%| F|  |TAMS 0x0000000085800000, 0x0000000085800000| Untracked 
|  49|0x0000000085900000, 0x0000000085900000, 0x0000000085a00000|  0%| F|  |TAMS 0x0000000085900000, 0x0000000085900000| Untracked 
|  50|0x0000000085a00000, 0x0000000085a00000, 0x0000000085b00000|  0%| F|  |TAMS 0x0000000085a00000, 0x0000000085a00000| Untracked 
|  51|0x0000000085b00000, 0x0000000085b00000, 0x0000000085c00000|  0%| F|  |TAMS 0x0000000085b00000, 0x0000000085b00000| Untracked 
|  52|0x0000000085c00000, 0x0000000085c00000, 0x0000000085d00000|  0%| F|  |TAMS 0x0000000085c00000, 0x0000000085c00000| Untracked 
|  53|0x0000000085d00000, 0x0000000085d00000, 0x0000000085e00000|  0%| F|  |TAMS 0x0000000085d00000, 0x0000000085d00000| Untracked 
|  54|0x0000000085e00000, 0x0000000085e00000, 0x0000000085f00000|  0%| F|  |TAMS 0x0000000085e00000, 0x0000000085e00000| Untracked 
|  55|0x0000000085f00000, 0x0000000085f00000, 0x0000000086000000|  0%| F|  |TAMS 0x0000000085f00000, 0x0000000085f00000| Untracked 
|  56|0x0000000086000000, 0x0000000086000000, 0x0000000086100000|  0%| F|  |TAMS 0x0000000086000000, 0x0000000086000000| Untracked 
|  57|0x0000000086100000, 0x0000000086180000, 0x0000000086200000| 50%| S|CS|TAMS 0x0000000086100000, 0x0000000086100000| Complete 
|  58|0x0000000086200000, 0x0000000086300000, 0x0000000086300000|100%| S|CS|TAMS 0x0000000086200000, 0x0000000086200000| Complete 
|  59|0x0000000086300000, 0x0000000086400000, 0x0000000086400000|100%| S|CS|TAMS 0x0000000086300000, 0x0000000086300000| Complete 
|  60|0x0000000086400000, 0x0000000086500000, 0x0000000086500000|100%| S|CS|TAMS 0x0000000086400000, 0x0000000086400000| Complete 
|  61|0x0000000086500000, 0x0000000086600000, 0x0000000086600000|100%| S|CS|TAMS 0x0000000086500000, 0x0000000086500000| Complete 
|  62|0x0000000086600000, 0x0000000086600000, 0x0000000086700000|  0%| F|  |TAMS 0x0000000086600000, 0x0000000086600000| Untracked 
|  63|0x0000000086700000, 0x0000000086700000, 0x0000000086800000|  0%| F|  |TAMS 0x0000000086700000, 0x0000000086700000| Untracked 
|  64|0x0000000086800000, 0x0000000086800000, 0x0000000086900000|  0%| F|  |TAMS 0x0000000086800000, 0x0000000086800000| Untracked 
|  65|0x0000000086900000, 0x0000000086900000, 0x0000000086a00000|  0%| F|  |TAMS 0x0000000086900000, 0x0000000086900000| Untracked 
|  66|0x0000000086a00000, 0x0000000086a00000, 0x0000000086b00000|  0%| F|  |TAMS 0x0000000086a00000, 0x0000000086a00000| Untracked 
|  67|0x0000000086b00000, 0x0000000086b00000, 0x0000000086c00000|  0%| F|  |TAMS 0x0000000086b00000, 0x0000000086b00000| Untracked 
|  68|0x0000000086c00000, 0x0000000086c00000, 0x0000000086d00000|  0%| F|  |TAMS 0x0000000086c00000, 0x0000000086c00000| Untracked 
|  69|0x0000000086d00000, 0x0000000086d00000, 0x0000000086e00000|  0%| F|  |TAMS 0x0000000086d00000, 0x0000000086d00000| Untracked 
|  70|0x0000000086e00000, 0x0000000086e00000, 0x0000000086f00000|  0%| F|  |TAMS 0x0000000086e00000, 0x0000000086e00000| Untracked 
|  71|0x0000000086f00000, 0x0000000086f00000, 0x0000000087000000|  0%| F|  |TAMS 0x0000000086f00000, 0x0000000086f00000| Untracked 
|  72|0x0000000087000000, 0x0000000087000000, 0x0000000087100000|  0%| F|  |TAMS 0x0000000087000000, 0x0000000087000000| Untracked 
|  73|0x0000000087100000, 0x0000000087100000, 0x0000000087200000|  0%| F|  |TAMS 0x0000000087100000, 0x0000000087100000| Untracked 
|  74|0x0000000087200000, 0x0000000087200000, 0x0000000087300000|  0%| F|  |TAMS 0x0000000087200000, 0x0000000087200000| Untracked 
|  75|0x0000000087300000, 0x0000000087300000, 0x0000000087400000|  0%| F|  |TAMS 0x0000000087300000, 0x0000000087300000| Untracked 
|  76|0x0000000087400000, 0x0000000087400000, 0x0000000087500000|  0%| F|  |TAMS 0x0000000087400000, 0x0000000087400000| Untracked 
|  77|0x0000000087500000, 0x0000000087500000, 0x0000000087600000|  0%| F|  |TAMS 0x0000000087500000, 0x0000000087500000| Untracked 
|  78|0x0000000087600000, 0x0000000087600000, 0x0000000087700000|  0%| F|  |TAMS 0x0000000087600000, 0x0000000087600000| Untracked 
|  79|0x0000000087700000, 0x0000000087700000, 0x0000000087800000|  0%| F|  |TAMS 0x0000000087700000, 0x0000000087700000| Untracked 
|  80|0x0000000087800000, 0x0000000087800000, 0x0000000087900000|  0%| F|  |TAMS 0x0000000087800000, 0x0000000087800000| Untracked 
|  81|0x0000000087900000, 0x0000000087900000, 0x0000000087a00000|  0%| F|  |TAMS 0x0000000087900000, 0x0000000087900000| Untracked 
|  82|0x0000000087a00000, 0x0000000087a00000, 0x0000000087b00000|  0%| F|  |TAMS 0x0000000087a00000, 0x0000000087a00000| Untracked 
|  83|0x0000000087b00000, 0x0000000087b00000, 0x0000000087c00000|  0%| F|  |TAMS 0x0000000087b00000, 0x0000000087b00000| Untracked 
|  84|0x0000000087c00000, 0x0000000087c00000, 0x0000000087d00000|  0%| F|  |TAMS 0x0000000087c00000, 0x0000000087c00000| Untracked 
|  85|0x0000000087d00000, 0x0000000087d00000, 0x0000000087e00000|  0%| F|  |TAMS 0x0000000087d00000, 0x0000000087d00000| Untracked 
|  86|0x0000000087e00000, 0x0000000087e00000, 0x0000000087f00000|  0%| F|  |TAMS 0x0000000087e00000, 0x0000000087e00000| Untracked 
|  87|0x0000000087f00000, 0x0000000087f00000, 0x0000000088000000|  0%| F|  |TAMS 0x0000000087f00000, 0x0000000087f00000| Untracked 
|  88|0x0000000088000000, 0x0000000088000000, 0x0000000088100000|  0%| F|  |TAMS 0x0000000088000000, 0x0000000088000000| Untracked 
|  89|0x0000000088100000, 0x0000000088100000, 0x0000000088200000|  0%| F|  |TAMS 0x0000000088100000, 0x0000000088100000| Untracked 
|  90|0x0000000088200000, 0x0000000088200000, 0x0000000088300000|  0%| F|  |TAMS 0x0000000088200000, 0x0000000088200000| Untracked 
|  91|0x0000000088300000, 0x0000000088300000, 0x0000000088400000|  0%| F|  |TAMS 0x0000000088300000, 0x0000000088300000| Untracked 
|  92|0x0000000088400000, 0x0000000088400000, 0x0000000088500000|  0%| F|  |TAMS 0x0000000088400000, 0x0000000088400000| Untracked 
|  93|0x0000000088500000, 0x0000000088500000, 0x0000000088600000|  0%| F|  |TAMS 0x0000000088500000, 0x0000000088500000| Untracked 
|  94|0x0000000088600000, 0x0000000088600000, 0x0000000088700000|  0%| F|  |TAMS 0x0000000088600000, 0x0000000088600000| Untracked 
|  95|0x0000000088700000, 0x0000000088700000, 0x0000000088800000|  0%| F|  |TAMS 0x0000000088700000, 0x0000000088700000| Untracked 
|  96|0x0000000088800000, 0x0000000088800000, 0x0000000088900000|  0%| F|  |TAMS 0x0000000088800000, 0x0000000088800000| Untracked 
|  97|0x0000000088900000, 0x0000000088900000, 0x0000000088a00000|  0%| F|  |TAMS 0x0000000088900000, 0x0000000088900000| Untracked 
|  98|0x0000000088a00000, 0x0000000088a00000, 0x0000000088b00000|  0%| F|  |TAMS 0x0000000088a00000, 0x0000000088a00000| Untracked 
|  99|0x0000000088b00000, 0x0000000088b00000, 0x0000000088c00000|  0%| F|  |TAMS 0x0000000088b00000, 0x0000000088b00000| Untracked 
| 100|0x0000000088c00000, 0x0000000088c00000, 0x0000000088d00000|  0%| F|  |TAMS 0x0000000088c00000, 0x0000000088c00000| Untracked 
| 101|0x0000000088d00000, 0x0000000088d00000, 0x0000000088e00000|  0%| F|  |TAMS 0x0000000088d00000, 0x0000000088d00000| Untracked 
| 102|0x0000000088e00000, 0x0000000088e00000, 0x0000000088f00000|  0%| F|  |TAMS 0x0000000088e00000, 0x0000000088e00000| Untracked 
| 103|0x0000000088f00000, 0x0000000088f00000, 0x0000000089000000|  0%| F|  |TAMS 0x0000000088f00000, 0x0000000088f00000| Untracked 
| 104|0x0000000089000000, 0x0000000089000000, 0x0000000089100000|  0%| F|  |TAMS 0x0000000089000000, 0x0000000089000000| Untracked 
| 105|0x0000000089100000, 0x0000000089100000, 0x0000000089200000|  0%| F|  |TAMS 0x0000000089100000, 0x0000000089100000| Untracked 
| 106|0x0000000089200000, 0x0000000089200000, 0x0000000089300000|  0%| F|  |TAMS 0x0000000089200000, 0x0000000089200000| Untracked 
| 107|0x0000000089300000, 0x0000000089300000, 0x0000000089400000|  0%| F|  |TAMS 0x0000000089300000, 0x0000000089300000| Untracked 
| 108|0x0000000089400000, 0x0000000089400000, 0x0000000089500000|  0%| F|  |TAMS 0x0000000089400000, 0x0000000089400000| Untracked 
| 109|0x0000000089500000, 0x0000000089500000, 0x0000000089600000|  0%| F|  |TAMS 0x0000000089500000, 0x0000000089500000| Untracked 
| 110|0x0000000089600000, 0x0000000089600000, 0x0000000089700000|  0%| F|  |TAMS 0x0000000089600000, 0x0000000089600000| Untracked 
| 111|0x0000000089700000, 0x0000000089700000, 0x0000000089800000|  0%| F|  |TAMS 0x0000000089700000, 0x0000000089700000| Untracked 
| 112|0x0000000089800000, 0x0000000089800000, 0x0000000089900000|  0%| F|  |TAMS 0x0000000089800000, 0x0000000089800000| Untracked 
| 113|0x0000000089900000, 0x0000000089900000, 0x0000000089a00000|  0%| F|  |TAMS 0x0000000089900000, 0x0000000089900000| Untracked 
| 114|0x0000000089a00000, 0x0000000089a00000, 0x0000000089b00000|  0%| F|  |TAMS 0x0000000089a00000, 0x0000000089a00000| Untracked 
| 115|0x0000000089b00000, 0x0000000089b00000, 0x0000000089c00000|  0%| F|  |TAMS 0x0000000089b00000, 0x0000000089b00000| Untracked 
| 116|0x0000000089c00000, 0x0000000089c00000, 0x0000000089d00000|  0%| F|  |TAMS 0x0000000089c00000, 0x0000000089c00000| Untracked 
| 117|0x0000000089d00000, 0x0000000089d00000, 0x0000000089e00000|  0%| F|  |TAMS 0x0000000089d00000, 0x0000000089d00000| Untracked 
| 118|0x0000000089e00000, 0x0000000089f00000, 0x0000000089f00000|100%| E|  |TAMS 0x0000000089e00000, 0x0000000089e00000| Complete 
| 119|0x0000000089f00000, 0x000000008a000000, 0x000000008a000000|100%| E|CS|TAMS 0x0000000089f00000, 0x0000000089f00000| Complete 
| 120|0x000000008a000000, 0x000000008a100000, 0x000000008a100000|100%| E|CS|TAMS 0x000000008a000000, 0x000000008a000000| Complete 
| 121|0x000000008a100000, 0x000000008a200000, 0x000000008a200000|100%| E|CS|TAMS 0x000000008a100000, 0x000000008a100000| Complete 
| 122|0x000000008a200000, 0x000000008a300000, 0x000000008a300000|100%| E|CS|TAMS 0x000000008a200000, 0x000000008a200000| Complete 
| 123|0x000000008a300000, 0x000000008a400000, 0x000000008a400000|100%| E|CS|TAMS 0x000000008a300000, 0x000000008a300000| Complete 
| 124|0x000000008a400000, 0x000000008a500000, 0x000000008a500000|100%| E|CS|TAMS 0x000000008a400000, 0x000000008a400000| Complete 
| 125|0x000000008a500000, 0x000000008a600000, 0x000000008a600000|100%| E|CS|TAMS 0x000000008a500000, 0x000000008a500000| Complete 

Card table byte_map: [0x00000179f17c0000,0x00000179f1bb0000] _byte_map_base: 0x00000179f13ac000

Marking Bits (Prev, Next): (CMBitMap*) 0x00000179da88b440, (CMBitMap*) 0x00000179da88b480
 Prev Bits: [0x00000179f1fa0000, 0x00000179f3f00000)
 Next Bits: [0x00000179f3f00000, 0x00000179f5e60000)

Polling page: 0x00000179da000000

Metaspace:

Usage:
  Non-class:     12.84 MB used.
      Class:      1.59 MB used.
       Both:     14.43 MB used.

Virtual space:
  Non-class space:       16.00 MB reserved,      12.94 MB ( 81%) committed,  2 nodes.
      Class space:        1.00 GB reserved,       1.75 MB ( <1%) committed,  1 nodes.
             Both:        1.02 GB reserved,      14.69 MB (  1%) committed. 

Chunk freelists:
   Non-Class:  2.02 MB
       Class:  2.11 MB
        Both:  4.12 MB

MaxMetaspaceSize: unlimited
CompressedClassSpaceSize: 1.00 GB
Initial GC threshold: 21.00 MB
Current GC threshold: 21.00 MB
CDS: on
MetaspaceReclaimPolicy: balanced
 - commit_granule_bytes: 65536.
 - commit_granule_words: 8192.
 - virtual_space_node_default_size: 1048576.
 - enlarge_chunks_in_place: 1.
 - new_chunks_are_fully_committed: 0.
 - uncommit_free_chunks: 1.
 - use_allocation_guard: 0.
 - handle_deallocations: 1.


Internal statistics:

num_allocs_failed_limit: 0.
num_arena_births: 88.
num_arena_deaths: 0.
num_vsnodes_births: 3.
num_vsnodes_deaths: 0.
num_space_committed: 235.
num_space_uncommitted: 0.
num_chunks_returned_to_freelist: 0.
num_chunks_taken_from_freelist: 600.
num_chunk_merges: 0.
num_chunk_splits: 428.
num_chunks_enlarged: 339.
num_purges: 0.
num_inconsistent_stats: 0.

CodeHeap 'non-profiled nmethods': size=120000Kb used=1944Kb max_used=1944Kb free=118055Kb
 bounds [0x00000179e9b70000, 0x00000179e9de0000, 0x00000179f10a0000]
CodeHeap 'profiled nmethods': size=120000Kb used=8364Kb max_used=8364Kb free=111635Kb
 bounds [0x00000179e2640000, 0x00000179e2e70000, 0x00000179e9b70000]
CodeHeap 'non-nmethods': size=5760Kb used=1184Kb max_used=1277Kb free=4575Kb
 bounds [0x00000179e20a0000, 0x00000179e2310000, 0x00000179e2640000]
 total_blobs=4348 nmethods=3874 adapters=386
 compilation: enabled
              stopped_count=0, restarted_count=0
 full_count=0

Compilation events (20 events):
Event: 3.095 Thread 0x00000179f8871b50 nmethod 3856 0x00000179e2e43810 code [0x00000179e2e43a20, 0x00000179e2e43f58]
Event: 3.095 Thread 0x00000179f8871b50 3859       3       org.eclipse.aether.internal.impl.collect.DefaultDependencyCollector::process (52 bytes)
Event: 3.095 Thread 0x00000179f8871b50 nmethod 3859 0x00000179e2e44190 code [0x00000179e2e44380, 0x00000179e2e44918]
Event: 3.095 Thread 0x00000179f8871b50 3858       3       org.eclipse.aether.internal.impl.collect.NodeStack::push (61 bytes)
Event: 3.095 Thread 0x00000179f8871b50 nmethod 3858 0x00000179e2e44b10 code [0x00000179e2e44ce0, 0x00000179e2e451a8]
Event: 3.097 Thread 0x00000179f8871b50 3860       3       org.apache.maven.model.CiManagement::getLocation (176 bytes)
Event: 3.098 Thread 0x00000179f8871b50 nmethod 3860 0x00000179e2e45310 code [0x00000179e2e455a0, 0x00000179e2e46308]
Event: 3.098 Thread 0x00000179f8871b50 3862       3       org.eclipse.aether.internal.impl.collect.DataPool$Constraint::<init> (90 bytes)
Event: 3.099 Thread 0x00000179f8871b50 nmethod 3862 0x00000179e2e46590 code [0x00000179e2e467e0, 0x00000179e2e47608]
Event: 3.099 Thread 0x00000179f8871b50 3861       3       org.apache.maven.model.CiManagement::setLocation (186 bytes)
Event: 3.099 Thread 0x00000179f8871b50 nmethod 3861 0x00000179e2e47a10 code [0x00000179e2e47ce0, 0x00000179e2e48f68]
Event: 3.099 Thread 0x00000179f8871b50 3863       1       org.apache.maven.model.DistributionManagement::setSite (6 bytes)
Event: 3.100 Thread 0x00000179f8871b50 nmethod 3863 0x00000179e9d54690 code [0x00000179e9d54820, 0x00000179e9d54938]
Event: 3.100 Thread 0x00000179f8871b50 3864       1       org.apache.maven.model.Site::setId (6 bytes)
Event: 3.100 Thread 0x00000179f8871b50 nmethod 3864 0x00000179e9d54990 code [0x00000179e9d54b20, 0x00000179e9d54c38]
Event: 3.101 Thread 0x00000179f9cdd620 nmethod 3841% 0x00000179e9d54c90 code [0x00000179e9d54e60, 0x00000179e9d55958]
Event: 3.101 Thread 0x00000179f9cdd620 3850       4       org.codehaus.plexus.util.xml.pull.MXParser::parseAttribute (1641 bytes)
Event: 3.102 Thread 0x00000179f8871b50 3867       3       org.eclipse.aether.util.version.GenericVersion::parse (63 bytes)
Event: 3.103 Thread 0x00000179f8871b50 nmethod 3867 0x00000179e2e49310 code [0x00000179e2e495a0, 0x00000179e2e4a408]
Event: 3.103 Thread 0x00000179f8871b50 3869       3       org.eclipse.aether.util.version.GenericVersion::trimPadding (122 bytes)

GC Heap History (8 events):
Event: 0.543 GC heap before
{Heap before GC invocations=0 (full 0):
 garbage-first heap   total 129024K, used 22528K [0x0000000082800000, 0x0000000100000000)
  region size 1024K, 23 young (23552K), 0 survivors (0K)
 Metaspace       used 4788K, committed 4928K, reserved 1056768K
  class space    used 571K, committed 640K, reserved 1048576K
}
Event: 0.550 GC heap after
{Heap after GC invocations=1 (full 0):
 garbage-first heap   total 129024K, used 3480K [0x0000000082800000, 0x0000000100000000)
  region size 1024K, 3 young (3072K), 3 survivors (3072K)
 Metaspace       used 4788K, committed 4928K, reserved 1056768K
  class space    used 571K, committed 640K, reserved 1048576K
}
Event: 1.327 GC heap before
{Heap before GC invocations=1 (full 0):
 garbage-first heap   total 129024K, used 35224K [0x0000000082800000, 0x0000000100000000)
  region size 1024K, 34 young (34816K), 3 survivors (3072K)
 Metaspace       used 10572K, committed 10752K, reserved 1064960K
  class space    used 1293K, committed 1408K, reserved 1048576K
}
Event: 1.336 GC heap after
{Heap after GC invocations=2 (full 0):
 garbage-first heap   total 129024K, used 5897K [0x0000000082800000, 0x0000000100000000)
  region size 1024K, 3 young (3072K), 3 survivors (3072K)
 Metaspace       used 10572K, committed 10752K, reserved 1064960K
  class space    used 1293K, committed 1408K, reserved 1048576K
}
Event: 2.236 GC heap before
{Heap before GC invocations=2 (full 0):
 garbage-first heap   total 129024K, used 79625K [0x0000000082800000, 0x0000000100000000)
  region size 1024K, 75 young (76800K), 3 survivors (3072K)
 Metaspace       used 12709K, committed 12864K, reserved 1064960K
  class space    used 1456K, committed 1536K, reserved 1048576K
}
Event: 2.257 GC heap after
{Heap after GC invocations=3 (full 0):
 garbage-first heap   total 129024K, used 15260K [0x0000000082800000, 0x0000000100000000)
  region size 1024K, 10 young (10240K), 10 survivors (10240K)
 Metaspace       used 12709K, committed 12864K, reserved 1064960K
  class space    used 1456K, committed 1536K, reserved 1048576K
}
Event: 3.067 GC heap before
{Heap before GC invocations=3 (full 0):
 garbage-first heap   total 129024K, used 80796K [0x0000000082800000, 0x0000000100000000)
  region size 1024K, 74 young (75776K), 10 survivors (10240K)
 Metaspace       used 14736K, committed 15040K, reserved 1064960K
  class space    used 1625K, committed 1792K, reserved 1048576K
}
Event: 3.089 GC heap after
{Heap after GC invocations=4 (full 0):
 garbage-first heap   total 129024K, used 19586K [0x0000000082800000, 0x0000000100000000)
  region size 1024K, 5 young (5120K), 5 survivors (5120K)
 Metaspace       used 14736K, committed 15040K, reserved 1064960K
  class space    used 1625K, committed 1792K, reserved 1048576K
}

Deoptimization events (20 events):
Event: 2.895 Thread 0x00000179da82f750 DEOPT PACKING pc=0x00000179e9d08e64 sp=0x000000764bdfcd00
Event: 2.895 Thread 0x00000179da82f750 DEOPT UNPACKING pc=0x00000179e20f23a3 sp=0x000000764bdfccd8 mode 2
Event: 2.898 Thread 0x00000179da82f750 Uncommon trap: trap_request=0xffffffbe fr.pc=0x00000179e9d323bc relative=0x000000000000115c
Event: 2.898 Thread 0x00000179da82f750 Uncommon trap: reason=profile_predicate action=maybe_recompile pc=0x00000179e9d323bc method=java.util.concurrent.ConcurrentHashMap.putAll(Ljava/util/Map;)V @ 28 c2
Event: 2.898 Thread 0x00000179da82f750 DEOPT PACKING pc=0x00000179e9d323bc sp=0x000000764bdfdb60
Event: 2.898 Thread 0x00000179da82f750 DEOPT UNPACKING pc=0x00000179e20f23a3 sp=0x000000764bdfdb30 mode 2
Event: 2.962 Thread 0x00000179da82f750 Uncommon trap: trap_request=0xffffffbe fr.pc=0x00000179e9d323bc relative=0x000000000000115c
Event: 2.962 Thread 0x00000179da82f750 Uncommon trap: reason=profile_predicate action=maybe_recompile pc=0x00000179e9d323bc method=java.util.concurrent.ConcurrentHashMap.putAll(Ljava/util/Map;)V @ 28 c2
Event: 2.962 Thread 0x00000179da82f750 DEOPT PACKING pc=0x00000179e9d323bc sp=0x000000764bdfdb60
Event: 2.962 Thread 0x00000179da82f750 DEOPT UNPACKING pc=0x00000179e20f23a3 sp=0x000000764bdfdb30 mode 2
Event: 2.963 Thread 0x00000179da82f750 Uncommon trap: trap_request=0xffffffbe fr.pc=0x00000179e9d323bc relative=0x000000000000115c
Event: 2.963 Thread 0x00000179da82f750 Uncommon trap: reason=profile_predicate action=maybe_recompile pc=0x00000179e9d323bc method=java.util.concurrent.ConcurrentHashMap.putAll(Ljava/util/Map;)V @ 28 c2
Event: 2.963 Thread 0x00000179da82f750 DEOPT PACKING pc=0x00000179e9d323bc sp=0x000000764bdfd980
Event: 2.963 Thread 0x00000179da82f750 DEOPT UNPACKING pc=0x00000179e20f23a3 sp=0x000000764bdfd950 mode 2
Event: 2.964 Thread 0x00000179da82f750 Uncommon trap: trap_request=0xffffffbe fr.pc=0x00000179e9d323bc relative=0x000000000000115c
Event: 2.964 Thread 0x00000179da82f750 Uncommon trap: reason=profile_predicate action=maybe_recompile pc=0x00000179e9d323bc method=java.util.concurrent.ConcurrentHashMap.putAll(Ljava/util/Map;)V @ 28 c2
Event: 2.964 Thread 0x00000179da82f750 DEOPT PACKING pc=0x00000179e9d323bc sp=0x000000764bdfd980
Event: 2.964 Thread 0x00000179da82f750 DEOPT UNPACKING pc=0x00000179e20f23a3 sp=0x000000764bdfd950 mode 2
Event: 3.060 Thread 0x00000179da82f750 DEOPT PACKING pc=0x00000179e2acdedd sp=0x000000764bdfcc80
Event: 3.060 Thread 0x00000179da82f750 DEOPT UNPACKING pc=0x00000179e20f2b43 sp=0x000000764bdfc278 mode 0

Classes unloaded (0 events):
No events

Classes redefined (0 events):
No events

Internal exceptions (20 events):
Event: 0.123 Thread 0x00000179da82f750 Exception <a 'java/lang/NullPointerException'{0x000000008a2c94a8}> (0x000000008a2c94a8) 
thrown [t:\workspace\open\src\hotspot\share\interpreter\linkResolver.cpp, line 1357]
Event: 0.123 Thread 0x00000179da82f750 Exception <a 'java/lang/NullPointerException'{0x000000008a2c9780}> (0x000000008a2c9780) 
thrown [t:\workspace\open\src\hotspot\share\interpreter\linkResolver.cpp, line 1357]
Event: 0.125 Thread 0x00000179da82f750 Exception <a 'java/lang/NullPointerException'{0x000000008a2cf258}> (0x000000008a2cf258) 
thrown [t:\workspace\open\src\hotspot\share\interpreter\linkResolver.cpp, line 1357]
Event: 0.127 Thread 0x00000179da82f750 Exception <a 'java/lang/NullPointerException'{0x000000008a2e4820}> (0x000000008a2e4820) 
thrown [t:\workspace\open\src\hotspot\share\interpreter\linkResolver.cpp, line 1357]
Event: 0.127 Thread 0x00000179da82f750 Exception <a 'java/lang/NullPointerException'{0x000000008a2e4af8}> (0x000000008a2e4af8) 
thrown [t:\workspace\open\src\hotspot\share\interpreter\linkResolver.cpp, line 1357]
Event: 0.127 Thread 0x00000179da82f750 Exception <a 'java/lang/NullPointerException'{0x000000008a2e4dd0}> (0x000000008a2e4dd0) 
thrown [t:\workspace\open\src\hotspot\share\interpreter\linkResolver.cpp, line 1357]
Event: 0.127 Thread 0x00000179da82f750 Exception <a 'java/lang/NullPointerException'{0x000000008a2e50a8}> (0x000000008a2e50a8) 
thrown [t:\workspace\open\src\hotspot\share\interpreter\linkResolver.cpp, line 1357]
Event: 0.363 Thread 0x00000179da82f750 Exception <a 'java/lang/NoSuchMethodError'{0x0000000089718988}: 'java.lang.Object java.lang.invoke.DirectMethodHandle$Holder.newInvokeSpecial(java.lang.Object, java.lang.Object, java.lang.Object, java.lang.Object, java.lang.Object)'> (0x0000000089718988) 
thrown [t:\workspace\open\src\hotspot\share\interpreter\linkResolver.cpp, line 766]
Event: 0.402 Thread 0x00000179da82f750 Exception <a 'java/lang/NoClassDefFoundError'{0x0000000089681fa8}: javax/enterprise/inject/Typed> (0x0000000089681fa8) 
thrown [t:\workspace\open\src\hotspot\share\classfile\systemDictionary.cpp, line 245]
Event: 1.197 Thread 0x00000179da82f750 Exception <a 'java/lang/NoClassDefFoundError'{0x00000000887badc8}: com/google/inject/servlet/ServletModuleTargetVisitor> (0x00000000887badc8) 
thrown [t:\workspace\open\src\hotspot\share\classfile\systemDictionary.cpp, line 245]
Event: 1.259 Thread 0x00000179da82f750 Exception <a 'java/lang/NoSuchMethodError'{0x00000000885068b0}: 'java.lang.Object java.lang.invoke.DirectMethodHandle$Holder.invokeStaticInit(java.lang.Object, int, int, int, int)'> (0x00000000885068b0) 
thrown [t:\workspace\open\src\hotspot\share\interpreter\linkResolver.cpp, line 766]
Event: 1.376 Thread 0x00000179da82f750 Implicit null exception at 0x00000179e9ba7bf2 to 0x00000179e9ba820c
Event: 1.376 Thread 0x00000179da82f750 Implicit null exception at 0x00000179e9b981f2 to 0x00000179e9b9882c
Event: 1.731 Thread 0x00000179da82f750 Implicit null exception at 0x00000179e9c62ee3 to 0x00000179e9c644fc
Event: 1.731 Thread 0x00000179da82f750 Implicit null exception at 0x00000179e9c0d4ef to 0x00000179e9c0d6c0
Event: 1.731 Thread 0x00000179da82f750 Implicit null exception at 0x00000179e9c425a0 to 0x00000179e9c42cfa
Event: 2.299 Thread 0x00000179da82f750 Implicit null exception at 0x00000179e9bcfdef to 0x00000179e9bcffd0
Event: 2.299 Thread 0x00000179da82f750 Implicit null exception at 0x00000179e9bffb0f to 0x00000179e9bffb89
Event: 2.702 Thread 0x00000179da82f750 Exception <a 'java/lang/NoSuchMethodError'{0x00000000888cafb0}: 'java.lang.Object java.lang.invoke.DirectMethodHandle$Holder.invokeStaticInit(java.lang.Object)'> (0x00000000888cafb0) 
thrown [t:\workspace\open\src\hotspot\share\interpreter\linkResolver.cpp, line 766]
Event: 2.703 Thread 0x00000179da82f750 Exception <a 'java/lang/NoSuchMethodError'{0x00000000888d0f80}: 'java.lang.Object java.lang.invoke.Invokers$Holder.invoke_MT(java.lang.Object, java.lang.Object, java.lang.Object)'> (0x00000000888d0f80) 
thrown [t:\workspace\open\src\hotspot\share\interpreter\linkResolver.cpp, line 766]

VM Operations (20 events):
Event: 1.677 Executing VM operation: HandshakeAllThreads
Event: 1.677 Executing VM operation: HandshakeAllThreads done
Event: 1.677 Executing VM operation: HandshakeAllThreads
Event: 1.677 Executing VM operation: HandshakeAllThreads done
Event: 1.678 Executing VM operation: HandshakeAllThreads
Event: 1.678 Executing VM operation: HandshakeAllThreads done
Event: 1.871 Executing VM operation: ICBufferFull
Event: 1.872 Executing VM operation: ICBufferFull done
Event: 2.236 Executing VM operation: G1CollectForAllocation
Event: 2.258 Executing VM operation: G1CollectForAllocation done
Event: 2.605 Executing VM operation: ICBufferFull
Event: 2.606 Executing VM operation: ICBufferFull done
Event: 2.628 Executing VM operation: HandshakeAllThreads
Event: 2.628 Executing VM operation: HandshakeAllThreads done
Event: 2.722 Executing VM operation: HandshakeAllThreads
Event: 2.722 Executing VM operation: HandshakeAllThreads done
Event: 2.909 Executing VM operation: ICBufferFull
Event: 2.909 Executing VM operation: ICBufferFull done
Event: 3.066 Executing VM operation: G1CollectForAllocation
Event: 3.089 Executing VM operation: G1CollectForAllocation done

Events (20 events):
Event: 2.701 loading class sun/nio/ch/IOStatus
Event: 2.701 loading class sun/nio/ch/IOStatus done
Event: 2.702 loading class java/nio/channels/FileChannel$MapMode
Event: 2.702 loading class java/nio/channels/FileChannel$MapMode done
Event: 2.702 loading class jdk/internal/misc/ExtendedMapMode
Event: 2.702 loading class jdk/internal/misc/ExtendedMapMode done
Event: 2.704 loading class sun/nio/ch/FileChannelImpl$DefaultUnmapper
Event: 2.704 loading class sun/nio/ch/FileChannelImpl$Unmapper
Event: 2.704 loading class jdk/internal/access/foreign/UnmapperProxy
Event: 2.704 loading class jdk/internal/access/foreign/UnmapperProxy done
Event: 2.704 loading class sun/nio/ch/FileChannelImpl$Unmapper done
Event: 2.704 loading class sun/nio/ch/FileChannelImpl$DefaultUnmapper done
Event: 2.704 loading class sun/nio/ch/Util
Event: 2.704 loading class sun/nio/ch/Util done
Event: 2.704 loading class sun/nio/ch/Util$1
Event: 2.705 loading class sun/nio/ch/Util$1 done
Event: 2.705 loading class sun/nio/ch/Util$4
Event: 2.705 loading class sun/nio/ch/Util$4 done
Event: 2.899 loading class jdk/internal/reflect/UnsafeIntegerFieldAccessorImpl
Event: 2.900 loading class jdk/internal/reflect/UnsafeIntegerFieldAccessorImpl done


Dynamic libraries:
0x00007ff630340000 - 0x00007ff630350000 	C:\Program Files\Java\jdk-17.0.3.1\bin\java.exe
0x00007ffe89e90000 - 0x00007ffe8a0a4000 	C:\WINDOWS\SYSTEM32\ntdll.dll
0x00007ffe87d30000 - 0x00007ffe87df3000 	C:\WINDOWS\System32\KERNEL32.DLL
0x00007ffe875e0000 - 0x00007ffe8797d000 	C:\WINDOWS\System32\KERNELBASE.dll
0x00007ffe874c0000 - 0x00007ffe875d1000 	C:\WINDOWS\System32\ucrtbase.dll
0x00007ffe7f9a0000 - 0x00007ffe7f9ba000 	C:\Program Files\Java\jdk-17.0.3.1\bin\VCRUNTIME140.dll
0x00007ffe801e0000 - 0x00007ffe801f8000 	C:\Program Files\Java\jdk-17.0.3.1\bin\jli.dll
0x00007ffe87c80000 - 0x00007ffe87d2e000 	C:\WINDOWS\System32\ADVAPI32.dll
0x00007ffe89a40000 - 0x00007ffe89ae7000 	C:\WINDOWS\System32\msvcrt.dll
0x00007ffe89da0000 - 0x00007ffe89e44000 	C:\WINDOWS\System32\sechost.dll
0x00007ffe88d70000 - 0x00007ffe88e85000 	C:\WINDOWS\System32\RPCRT4.dll
0x00007ffe89af0000 - 0x00007ffe89c9d000 	C:\WINDOWS\System32\USER32.dll
0x00007ffe87490000 - 0x00007ffe874b6000 	C:\WINDOWS\System32\win32u.dll
0x00007ffe88b10000 - 0x00007ffe88b39000 	C:\WINDOWS\System32\GDI32.dll
0x00007ffe74ce0000 - 0x00007ffe74f6e000 	C:\WINDOWS\WinSxS\amd64_microsoft.windows.common-controls_6595b64144ccf1df_6.0.22621.608_none_a9444ca7c10bb01d\COMCTL32.dll
0x00007ffe87b60000 - 0x00007ffe87c72000 	C:\WINDOWS\System32\gdi32full.dll
0x00007ffe873f0000 - 0x00007ffe8748a000 	C:\WINDOWS\System32\msvcp_win.dll
0x00007ffe7fad0000 - 0x00007ffe7fada000 	C:\WINDOWS\SYSTEM32\VERSION.dll
0x00007ffe888a0000 - 0x00007ffe888d2000 	C:\WINDOWS\System32\IMM32.DLL
0x00007ffe812f0000 - 0x00007ffe812fc000 	C:\Program Files\Java\jdk-17.0.3.1\bin\vcruntime140_1.dll
0x00007ffe40a10000 - 0x00007ffe40a9d000 	C:\Program Files\Java\jdk-17.0.3.1\bin\msvcp140.dll
0x00007ffe20260000 - 0x00007ffe20e20000 	C:\Program Files\Java\jdk-17.0.3.1\bin\server\jvm.dll
0x00007ffe88ce0000 - 0x00007ffe88ce8000 	C:\WINDOWS\System32\PSAPI.DLL
0x00007ffe6c010000 - 0x00007ffe6c019000 	C:\WINDOWS\SYSTEM32\WSOCK32.dll
0x00007ffe7f180000 - 0x00007ffe7f1b4000 	C:\WINDOWS\SYSTEM32\WINMM.dll
0x00007ffe89960000 - 0x00007ffe899d1000 	C:\WINDOWS\System32\WS2_32.dll
0x00007ffe862c0000 - 0x00007ffe862d8000 	C:\WINDOWS\SYSTEM32\kernel.appcore.dll
0x00007ffe7f990000 - 0x00007ffe7f99a000 	C:\Program Files\Java\jdk-17.0.3.1\bin\jimage.dll
0x00007ffe7f5b0000 - 0x00007ffe7f7de000 	C:\WINDOWS\SYSTEM32\DBGHELP.DLL
0x00007ffe87e00000 - 0x00007ffe8818a000 	C:\WINDOWS\System32\combase.dll
0x00007ffe88190000 - 0x00007ffe88267000 	C:\WINDOWS\System32\OLEAUT32.dll
0x00007ffe73140000 - 0x00007ffe73172000 	C:\WINDOWS\SYSTEM32\dbgcore.DLL
0x00007ffe872b0000 - 0x00007ffe8732b000 	C:\WINDOWS\System32\bcryptPrimitives.dll
0x00007ffe73d20000 - 0x00007ffe73d45000 	C:\Program Files\Java\jdk-17.0.3.1\bin\java.dll
0x00007ffe3f810000 - 0x00007ffe3f8e6000 	C:\Program Files\Java\jdk-17.0.3.1\bin\jsvml.dll
0x00007ffe88f90000 - 0x00007ffe8977f000 	C:\WINDOWS\System32\SHELL32.dll
0x00007ffe85280000 - 0x00007ffe85b48000 	C:\WINDOWS\SYSTEM32\windows.storage.dll
0x00007ffe85140000 - 0x00007ffe8527e000 	C:\WINDOWS\SYSTEM32\wintypes.dll
0x00007ffe89ca0000 - 0x00007ffe89d91000 	C:\WINDOWS\System32\SHCORE.dll
0x00007ffe899e0000 - 0x00007ffe89a3e000 	C:\WINDOWS\System32\shlwapi.dll
0x00007ffe871e0000 - 0x00007ffe87201000 	C:\WINDOWS\SYSTEM32\profapi.dll
0x00007ffe6f150000 - 0x00007ffe6f169000 	C:\Program Files\Java\jdk-17.0.3.1\bin\net.dll
0x00007ffe7f280000 - 0x00007ffe7f3af000 	C:\WINDOWS\SYSTEM32\WINHTTP.dll
0x00007ffe86720000 - 0x00007ffe86789000 	C:\WINDOWS\system32\mswsock.dll
0x00007ffe6eb00000 - 0x00007ffe6eb16000 	C:\Program Files\Java\jdk-17.0.3.1\bin\nio.dll
0x00007ffe6b5c0000 - 0x00007ffe6b5d8000 	C:\Program Files\Java\jdk-17.0.3.1\bin\zip.dll
0x0000000069ac0000 - 0x0000000069ae4000 	C:\Program Files\apache-maven-3.8.7-bin\apache-maven-3.8.7\lib\jansi-native\Windows\x86_64\jansi.dll
0x00007ffe59e50000 - 0x00007ffe59e60000 	C:\Program Files\Java\jdk-17.0.3.1\bin\verify.dll

dbghelp: loaded successfully - version: 4.0.5 - missing functions: none
symbol engine: initialized successfully - sym options: 0x614 - pdb path: .;C:\Program Files\Java\jdk-17.0.3.1\bin;C:\WINDOWS\SYSTEM32;C:\WINDOWS\WinSxS\amd64_microsoft.windows.common-controls_6595b64144ccf1df_6.0.22621.608_none_a9444ca7c10bb01d;C:\Program Files\Java\jdk-17.0.3.1\bin\server;C:\Program Files\apache-maven-3.8.7-bin\apache-maven-3.8.7\lib\jansi-native\Windows\x86_64

VM Arguments:
jvm_args: -Dclassworlds.conf=C:\Program Files\apache-maven-3.8.7-bin\apache-maven-3.8.7\bin\m2.conf -Dmaven.home=C:\Program Files\apache-maven-3.8.7-bin\apache-maven-3.8.7 -Dlibrary.jansi.path=C:\Program Files\apache-maven-3.8.7-bin\apache-maven-3.8.7\lib\jansi-native -Dmaven.multiModuleProjectDirectory=C:\Projects\E-BookShop----Spring-boot 
java_command: org.codehaus.plexus.classworlds.launcher.Launcher spring-boot:run
java_class_path (initial): C:\Program Files\apache-maven-3.8.7-bin\apache-maven-3.8.7\boot\plexus-classworlds-2.6.0.jar
Launcher Type: SUN_STANDARD

[Global flags]
     intx CICompilerCount                          = 4                                         {product} {ergonomic}
     uint ConcGCThreads                            = 2                                         {product} {ergonomic}
     uint G1ConcRefinementThreads                  = 8                                         {product} {ergonomic}
   size_t G1HeapRegionSize                         = 1048576                                   {product} {ergonomic}
    uintx GCDrainStackTargetSize                   = 64                                        {product} {ergonomic}
   size_t InitialHeapSize                          = 132120576                                 {product} {ergonomic}
   size_t MarkStackSize                            = 4194304                                   {product} {ergonomic}
   size_t MaxHeapSize                              = 2105540608                                {product} {ergonomic}
   size_t MaxNewSize                               = 1262485504                                {product} {ergonomic}
   size_t MinHeapDeltaBytes                        = 1048576                                   {product} {ergonomic}
   size_t MinHeapSize                              = 8388608                                   {product} {ergonomic}
    uintx NonNMethodCodeHeapSize                   = 5839372                                {pd product} {ergonomic}
    uintx NonProfiledCodeHeapSize                  = 122909434                              {pd product} {ergonomic}
    uintx ProfiledCodeHeapSize                     = 122909434                              {pd product} {ergonomic}
    uintx ReservedCodeCacheSize                    = 251658240                              {pd product} {ergonomic}
     bool SegmentedCodeCache                       = true                                      {product} {ergonomic}
   size_t SoftMaxHeapSize                          = 2105540608                             {manageable} {ergonomic}
     bool UseCompressedClassPointers               = true                           {product lp64_product} {ergonomic}
     bool UseCompressedOops                        = true                           {product lp64_product} {ergonomic}
     bool UseG1GC                                  = true                                      {product} {ergonomic}
     bool UseLargePagesIndividualAllocation        = false                                  {pd product} {ergonomic}

Logging:
Log output configuration:
 #0: stdout all=warning uptime,level,tags
 #1: stderr all=off uptime,level,tags

Environment Variables:
JAVA_HOME=C:\Program Files\Java\jdk-17.0.3.1
PATH=C:\Program Files\Common Files\Oracle\Java\javapath;C:\Program Files (x86)\Common Files\Oracle\Java\javapath;C:\Program Files (x86)\VMware\VMware Player\bin\;C:\Program Files\NVIDIA GPU Computing Toolkit\CUDA\v10.1\bin;C:\Program Files\NVIDIA GPU Computing Toolkit\CUDA\v10.1\libnvvp;C:\Windows\system32;C:\Windows;C:\Windows\System32\Wbem;C:\Windows\System32\WindowsPowerShell\v1.0\;C:\Windows\System32\OpenSSH\;C:\Users\ssjos\AppData\Roaming\Python\Python38\Scripts;C:\Users\ssjos\AppData\Roaming\Python\Python38;C:\Program Files (x86)\NVIDIA Corporation\PhysX\Common;C:\Program Files\NVIDIA Corporation\NVIDIA NvDLISR;C:\Program Files\Microsoft SQL Server\130\Tools\Binn\;C:\Program Files\Git\cmd;C:\MinGW\bin;C:\WINDOWS\system32;C:\WINDOWS;C:\WINDOWS\System32\Wbem;C:\WINDOWS\System32\WindowsPowerShell\v1.0\;C:\WINDOWS\System32\OpenSSH\;C:\xampp\php;C:\ProgramData\ComposerSetup\bin;C:\cuda\bin;C:\cuda\include;C:\cuda\lib\x64;C:\Program Files\NVIDIA Corporation\Nsight Compute 2019.1\;C:\Program Files\Docker\Docker\resources\bin;C:\ProgramData\DockerDesktop\version-bin;C:\WINDOWS\system32;C:\WINDOWS;C:\WINDOWS\System32\Wbem;C:\WINDOWS\System32\WindowsPowerShell\v1.0\;C:\WINDOWS\System32\OpenSSH\;C:\Program Files\PuTTY\;C:\Users\ssjos\AppData\Local\Programs\Python\Python39;C:\Users\ssjos\AppData\Local\Programs\Python\Python39\Scripts;C:\Program Files\Git LFS;C:\Program Files\Java\jdk-17.0.3.1\bin;C:\Program Files\apache-maven-3.8.7-bin\apache-maven-3.8.7\bin;C:\Users\ssjos\AppData\Roaming\nvm;C:\Program Files\nodejs;C:\Users\ssjos\AppData\Local\Programs\Python\Python310\Scripts\;C:\Users\ssjos\AppData\Local\Programs\Python\Python310\;C:\Program Files\MySQL\MySQL Shell 8.0\bin\;C:\Users\ssjos\AppData\Local\Microsoft\WindowsApps;C:\MinGW\bin;C:\Program Files\heroku\bin;C:\Users\ssjos\AppData\Roaming\npm;C:\Users\ssjos\AppData\Local\Programs\Microsoft VS Code\bin;C:\src\flutter\flutter\bin;C:\Users\ssjos\AppData\Roaming\Composer\vendor\bin;C:\Program Files\JetBrains\IntelliJ ID
USERNAME=ssjos
OS=Windows_NT
PROCESSOR_IDENTIFIER=Intel64 Family 6 Model 158 Stepping 13, GenuineIntel



---------------  S Y S T E M  ---------------

OS:
 Windows 11 , 64 bit Build 22621 (10.0.22621.1105)
OS uptime: 2 days 16:39 hours
Hyper-V role detected

CPU: total 8 (initial active 8) (4 cores per cpu, 2 threads per core) family 6 model 158 stepping 13 microcode 0xde, cx8, cmov, fxsr, ht, mmx, 3dnowpref, sse, sse2, sse3, ssse3, sse4.1, sse4.2, popcnt, lzcnt, tsc, tscinvbit, avx, avx2, aes, erms, clmul, bmi1, bmi2, adx, fma, vzeroupper, clflush, clflushopt, hv

Memory: 4k page, system-wide physical 8029M (1267M free)
TotalPageFile size 31581M (AvailPageFile size 13331M)
current process WorkingSet (physical memory assigned to process): 204M, peak: 207M
current process commit charge ("private bytes"): 276M, peak: 280M

vm_info: Java HotSpot(TM) 64-Bit Server VM (17.0.3.1+2-LTS-6) for windows-amd64 JRE (17.0.3.1+2-LTS-6), built on Apr 25 2022 22:04:21 by "mach5one" with MS VC++ 16.8 / 16.9 (VS2019)

END.
